WeClean source/weClean/manifest-merger-release-report.txt
-- Merging decision tree log ---
manifest
ADDED from AndroidManifest.xml:1:1
	package
		ADDED from AndroidManifest.xml:2:5
		INJECTED from AndroidManifest.xml:0:0
		INJECTED from AndroidManifest.xml:0:0
	android:versionName
		ADDED from AndroidManifest.xml:4:5
	android:versionCode
		ADDED from AndroidManifest.xml:3:5
		INJECTED from AndroidManifest.xml:0:0
		INJECTED from AndroidManifest.xml:0:0
	xmlns:android
		ADDED from AndroidManifest.xml:1:11
uses-sdk
ADDED from AndroidManifest.xml:6:5
MERGED from WeClean source:library:unspecified:7:5
MERGED from com.android.support:support-v4:21.0.0:15:5
MERGED from com.android.support:support-v4:21.0.0:15:5
MERGED from com.google.android.gms:play-services:6.5.87:18:5
MERGED from com.android.support:support-v4:21.0.0:15:5
MERGED from com.actionbarsherlock:actionbarsherlock:4.4.0:3:3
	android:targetSdkVersion
		ADDED from AndroidManifest.xml:8:9
		INJECTED from AndroidManifest.xml:0:0
		INJECTED from AndroidManifest.xml:0:0
	android:minSdkVersion
		ADDED from AndroidManifest.xml:7:9
		INJECTED from AndroidManifest.xml:0:0
		INJECTED from AndroidManifest.xml:0:0
uses-permission#android.permission.INTERNET
ADDED from AndroidManifest.xml:10:5
	android:name
		ADDED from AndroidManifest.xml:10:22
uses-permission#android.permission.ACCESS_NETWORK_STATE
ADDED from AndroidManifest.xml:11:7
	android:name
		ADDED from AndroidManifest.xml:11:24
uses-permission#android.permission.ACCESS_WIFI_STATE
ADDED from AndroidManifest.xml:12:5
	android:name
		ADDED from AndroidManifest.xml:12:22
uses-permission#com.ligootech.chennaimobiles.permission.C2D_MESSAGE
ADDED from AndroidManifest.xml:13:7
	android:name
		ADDED from AndroidManifest.xml:13:24
uses-permission#com.google.android.c2dm.permission.RECEIVE
ADDED from AndroidManifest.xml:14:5
	android:name
		ADDED from AndroidManifest.xml:14:22
uses-permission#android.permission.VIBRATE
ADDED from AndroidManifest.xml:15:5
	android:name
		ADDED from AndroidManifest.xml:15:22
uses-permission#android.permission.WAKE_LOCK
ADDED from AndroidManifest.xml:16:5
	android:name
		ADDED from AndroidManifest.xml:16:22
uses-permission#android.permission.GET_ACCOUNTS
ADDED from AndroidManifest.xml:17:5
	android:name
		ADDED from AndroidManifest.xml:17:22
uses-permission#android.permission.CAMERA
ADDED from AndroidManifest.xml:19:5
	android:name
		ADDED from AndroidManifest.xml:19:22
uses-feature#android.hardware.camera
ADDED from AndroidManifest.xml:22:5
	android:required
		ADDED from AndroidManifest.xml:22:58
	android:name
		ADDED from AndroidManifest.xml:22:19
uses-feature#android.hardware.camera.autofocus
ADDED from AndroidManifest.xml:23:5
	android:required
		ADDED from AndroidManifest.xml:23:68
	android:name
		ADDED from AndroidManifest.xml:23:19
application
ADDED from AndroidManifest.xml:25:5
MERGED from com.android.support:support-v4:21.0.0:16:5
MERGED from com.android.support:support-v4:21.0.0:16:5
MERGED from com.google.android.gms:play-services:6.5.87:20:5
MERGED from com.android.support:support-v4:21.0.0:16:5
MERGED from com.actionbarsherlock:actionbarsherlock:4.4.0:4:3
	android:label
		ADDED from AndroidManifest.xml:28:9
	android:allowBackup
		ADDED from AndroidManifest.xml:26:9
	android:icon
		ADDED from AndroidManifest.xml:27:9
	android:theme
		ADDED from AndroidManifest.xml:29:9
activity#com.ligootech.weclean.Splash
ADDED from AndroidManifest.xml:31:9
	android:screenOrientation
		ADDED from AndroidManifest.xml:34:13
	android:label
		ADDED from AndroidManifest.xml:33:13
	android:theme
		ADDED from AndroidManifest.xml:35:13
	android:name
		ADDED from AndroidManifest.xml:32:13
intent-filter#android.intent.action.MAIN+android.intent.category.LAUNCHER
ADDED from AndroidManifest.xml:36:13
action#android.intent.action.MAIN
ADDED from AndroidManifest.xml:37:17
	android:name
		ADDED from AndroidManifest.xml:37:25
category#android.intent.category.LAUNCHER
ADDED from AndroidManifest.xml:39:17
	android:name
		ADDED from AndroidManifest.xml:39:27
activity#com.ligootech.weclean.MainActivity
ADDED from AndroidManifest.xml:42:9
	android:screenOrientation
		ADDED from AndroidManifest.xml:43:13
	android:name
		ADDED from AndroidManifest.xml:42:19
activity#com.ligootech.weclean.CustomerRegistration
ADDED from AndroidManifest.xml:45:9
	android:screenOrientation
		ADDED from AndroidManifest.xml:46:13
	android:name
		ADDED from AndroidManifest.xml:45:19
activity#com.ligootech.weclean.CustomerLogin
ADDED from AndroidManifest.xml:48:9
	android:screenOrientation
		ADDED from AndroidManifest.xml:49:13
	android:name
		ADDED from AndroidManifest.xml:48:19
activity#com.ligootech.weclean.Customer_SchedulePickup
ADDED from AndroidManifest.xml:51:9
	android:screenOrientation
		ADDED from AndroidManifest.xml:54:13
	android:noHistory
		ADDED from AndroidManifest.xml:52:13
	android:windowSoftInputMode
		ADDED from AndroidManifest.xml:53:13
	android:name
		ADDED from AndroidManifest.xml:51:19
activity#com.ligootech.weclean.CustomerOrderDetails
ADDED from AndroidManifest.xml:56:9
	android:screenOrientation
		ADDED from AndroidManifest.xml:57:13
	android:name
		ADDED from AndroidManifest.xml:56:19
activity#com.ligootech.weclean.Customer_History
ADDED from AndroidManifest.xml:59:9
	android:screenOrientation
		ADDED from AndroidManifest.xml:61:13
	android:windowSoftInputMode
		ADDED from AndroidManifest.xml:60:13
	android:name
		ADDED from AndroidManifest.xml:59:19
activity#com.ligootech.weclean.Shopdetails
ADDED from AndroidManifest.xml:63:9
	android:screenOrientation
		ADDED from AndroidManifest.xml:65:13
	android:noHistory
		ADDED from AndroidManifest.xml:64:13
	android:name
		ADDED from AndroidManifest.xml:63:19
activity#com.ligootech.weclean.Modify_SchedulePickup
ADDED from AndroidManifest.xml:67:10
	android:screenOrientation
		ADDED from AndroidManifest.xml:69:13
	android:noHistory
		ADDED from AndroidManifest.xml:68:13
	android:windowSoftInputMode
		ADDED from AndroidManifest.xml:70:12
	android:name
		ADDED from AndroidManifest.xml:67:20
activity#com.ligootech.weclean.AccountSetting
ADDED from AndroidManifest.xml:72:10
	android:screenOrientation
		ADDED from AndroidManifest.xml:74:13
	android:name
		ADDED from AndroidManifest.xml:72:20
activity#com.ligootech.weclean.ForgetPassword
ADDED from AndroidManifest.xml:76:10
	android:screenOrientation
		ADDED from AndroidManifest.xml:78:13
	android:noHistory
		ADDED from AndroidManifest.xml:77:13
	android:name
		ADDED from AndroidManifest.xml:76:20
activity#com.ligootech.weclean.Faqs
ADDED from AndroidManifest.xml:80:9
	android:screenOrientation
		ADDED from AndroidManifest.xml:82:13
	android:noHistory
		ADDED from AndroidManifest.xml:81:13
	android:name
		ADDED from AndroidManifest.xml:80:19
receiver#com.ligootech.weclean.GcmBroadcastReceiver
ADDED from AndroidManifest.xml:84:10
	android:permission
		ADDED from AndroidManifest.xml:86:13
	android:name
		ADDED from AndroidManifest.xml:85:13
intent-filter#com.google.android.c2dm.intent.RECEIVE+com.google.android.c2dm.intent.REGISTRATION+com.ligootech.weclean
ADDED from AndroidManifest.xml:87:13
action#com.google.android.c2dm.intent.RECEIVE
ADDED from AndroidManifest.xml:88:17
	android:name
		ADDED from AndroidManifest.xml:88:25
action#com.google.android.c2dm.intent.REGISTRATION
ADDED from AndroidManifest.xml:89:17
	android:name
		ADDED from AndroidManifest.xml:89:25
category#com.ligootech.weclean
ADDED from AndroidManifest.xml:91:17
	android:name
		ADDED from AndroidManifest.xml:91:27
service#com.paypal.android.sdk.payments.PayPalService
ADDED from AndroidManifest.xml:94:7
	android:exported
		ADDED from AndroidManifest.xml:95:13
	android:name
		ADDED from AndroidManifest.xml:94:16
activity#com.paypal.android.sdk.payments.PaymentActivity
ADDED from AndroidManifest.xml:97:9
	android:name
		ADDED from AndroidManifest.xml:97:19
activity#com.paypal.android.sdk.payments.LoginActivity
ADDED from AndroidManifest.xml:98:9
	android:name
		ADDED from AndroidManifest.xml:98:19
activity#com.paypal.android.sdk.payments.PaymentMethodActivity
ADDED from AndroidManifest.xml:99:9
	android:name
		ADDED from AndroidManifest.xml:99:19
activity#com.paypal.android.sdk.payments.PaymentConfirmActivity
ADDED from AndroidManifest.xml:100:9
	android:name
		ADDED from AndroidManifest.xml:100:19
activity#com.paypal.android.sdk.payments.PayPalFuturePaymentActivity
ADDED from AndroidManifest.xml:101:9
	android:name
		ADDED from AndroidManifest.xml:101:19
activity#com.paypal.android.sdk.payments.FuturePaymentConsentActivity
ADDED from AndroidManifest.xml:102:9
	android:name
		ADDED from AndroidManifest.xml:102:19
activity#com.paypal.android.sdk.payments.FuturePaymentInfoActivity
ADDED from AndroidManifest.xml:103:9
	android:name
		ADDED from AndroidManifest.xml:103:19
activity#com.paypal.android.sdk.payments.PayPalProfileSharingActivity
ADDED from AndroidManifest.xml:104:9
	android:name
		ADDED from AndroidManifest.xml:104:19
activity#com.paypal.android.sdk.payments.ProfileSharingConsentActivity
ADDED from AndroidManifest.xml:105:9
	android:name
		ADDED from AndroidManifest.xml:105:19
activity#io.card.payment.CardIOActivity
ADDED from AndroidManifest.xml:107:9
	android:configChanges
		ADDED from AndroidManifest.xml:109:13
	android:name
		ADDED from AndroidManifest.xml:108:13
activity#io.card.payment.DataEntryActivity
ADDED from AndroidManifest.xml:110:9
	android:name
		ADDED from AndroidManifest.xml:110:19
service#com.ligootech.weclean.GCMNotificationIntentService
ADDED from AndroidManifest.xml:111:9
	android:name
		ADDED from AndroidManifest.xml:111:18
meta-data#com.google.android.gms.version
ADDED from com.google.android.gms:play-services:6.5.87:21:9
	android:value
		ADDED from com.google.android.gms:play-services:6.5.87:23:13
	android:name
		ADDED from com.google.android.gms:play-services:6.5.87:22:13